#
# A fatal error has been detected by the Java Runtime Environment:
#
#  SIGSEGV (0xb) at pc=0x00000618, pid=5662, tid=5663
#
# JRE version: OpenJDK Runtime Environment (11.0.3+7) (build 11.0.3+7-post-Raspbian-5)
# Java VM: OpenJDK Server VM (11.0.3+7-post-Raspbian-5, mixed mode, g1 gc, linux-)
# Problematic frame:
# C  0x00000618
#
# No core dump will be written. Core dumps have been disabled. To enable core dumping, try "ulimit -c unlimited" before starting Java again
#
# If you would like to submit a bug report, please visit:
#   Unknown
# The crash happened outside the Java Virtual Machine in native code.
# See problematic frame for where to report the bug.
#

---------------  S U M M A R Y ------------

Command Line: Press

Host: rev 3 (v7l), 4 cores, 1G, Raspbian GNU/Linux 10 (buster)
Time: Mon Jul 29 11:28:26 2019 EDT elapsed time: 167 seconds (0d 0h 2m 47s)

---------------  T H R E A D  ---------------

Current thread (0xb5f0ac00):  JavaThread "main" [_thread_in_native, id=5663, stack(0xb60a5000,0xb60f5000)]

Stack: [0xb60a5000,0xb60f5000],  sp=0xb60f3ac8,  free space=314k
Native frames: (J=compiled Java code, A=aot compiled Java code, j=interpreted, Vv=VM code, C=native code)
C  0x00000618

[error occurred during error reporting (printing native stack), id 0xb, SIGSEGV (0xb) at pc=0xb6a27cd4]

Java frames: (J=compiled Java code, j=interpreted, Vv=VM code)
j  Press.cPress(I)I+0
j  Press.main([Ljava/lang/String;)V+14
v  ~StubRoutines::call_stub

siginfo: si_signo: 11 (SIGSEGV), si_code: 1 (SEGV_MAPERR), si_addr: 0x00000618

Register to memory mapping:

  r0  = 0x00000000
0x0 is NULL

  r1  = 0x01150114
0x01150114 is an unknown value

  r2  = 0xde42f000
0xde42f000 is an unknown value

  r3  = 0x00000000
0x0 is NULL

  r4  = 0xb3c12000

[error occurred during error reporting (printing register info), id 0xb, SIGSEGV (0xb) at pc=0xb6ec2530]

Registers:
  r0  = 0x00000000
  r1  = 0x01150114
  r2  = 0xde42f000
  r3  = 0x00000000
  r4  = 0xb3c12000
  r5  = 0xb3c0183c
  r6  = 0x00000000
  r7  = 0x00000000
  r8  = 0xb60f3b7c
  r9  = 0x939dfa10
  r10 = 0xb5f0ac00
  fp  = 0xb60f3ae4
  r12 = 0xb3c1200c
  sp  = 0xb60f3ac8
  lr  = 0xb3c01960
  pc  = 0x00000618
  cpsr = 0x60000010

Top of Stack: (sp=0xb60f3ac8)
0xb60f3ac8:   00000000 00000011 b60f3b7c b5f0ae54
0xb60f3ad8:   b5f0ac00 b3dbf260 b60f3b6c b3d9c110
0xb60f3ae8:   b60f3b1c b6a600c8 b60f3b78 b3da415c
0xb60f3af8:   939dfa10 b5f0ac00 b6d64000 b60f3b28
0xb60f3b08:   b5f0a298 b5f0ac00 b6d64000 b60f3b28
0xb60f3b18:   b60f3b44 b67db7fc b60f3b44 007d759c
0xb60f3b28:   939dfa10 b5f0ac00 00000000 00000008
0xb60f3b38:   00000002 00000000 b60f3b6c b3d9c020 

Instructions: (pc=0x00000618)
0x000005f8:   ???????? ???????? ???????? ????????
0x00000608:   ???????? ???????? ???????? ????????
0x00000618:   ???????? ???????? ???????? ????????
0x00000628:   ???????? ???????? ???????? ???????? 

Stack slot to memory mapping:
stack at sp + 0 slots: 0x0 is NULL
stack at sp + 1 slots: 0x00000011 is an unknown value
stack at sp + 2 slots: 0xb60f3b7c is pointing into the stack for thread: 0xb5f0ac00
stack at sp + 3 slots: 0xb5f0ae54 points into unknown readable memory: c0 c6 d6 b6
stack at sp + 4 slots: 0xb5f0ac00 is a thread
stack at sp + 5 slots: 0xb3dbf260 is at code_begin+16 in 
[CodeBlob (0xb3dbf208)]
Framesize: 0
BufferBlob (0xb3dbf208) used for native signature handlers
stack at sp + 6 slots: 0xb60f3b6c is pointing into the stack for thread: 0xb5f0ac00
stack at sp + 7 slots: 0xb3d9c110 is at code_begin+576 in an Interpreter codelet
method entry point (kind = native)  [0xb3d9bed0, 0xb3d9c2a0]  976 bytes


---------------  P R O C E S S  ---------------

Threads class SMR info:
_java_thread_list=0x93c01d18, length=9, elements={
0xb5f0ac00, 0x93615400, 0x93618400, 0x93620800,
0x93622000, 0x93624800, 0x93669c00, 0x93670800,
0x93c00c00
}

Java Threads: ( => current thread )
=>0xb5f0ac00 JavaThread "main" [_thread_in_native, id=5663, stack(0xb60a5000,0xb60f5000)]
  0x93615400 JavaThread "Reference Handler" daemon [_thread_blocked, id=5670, stack(0x9402e000,0x9407e000)]
  0x93618400 JavaThread "Finalizer" daemon [_thread_blocked, id=5671, stack(0x93d2e000,0x93d7e000)]
  0x93620800 JavaThread "Signal Dispatcher" daemon [_thread_blocked, id=5672, stack(0x935b0000,0x93600000)]
  0x93622000 JavaThread "C2 CompilerThread0" daemon [_thread_blocked, id=5673, stack(0x93530000,0x935b0000)]
  0x93624800 JavaThread "Sweeper thread" daemon [_thread_blocked, id=5674, stack(0x92f36000,0x92f86000)]
  0x93669c00 JavaThread "Service Thread" daemon [_thread_blocked, id=5675, stack(0x92ee6000,0x92f36000)]
  0x93670800 JavaThread "Common-Cleaner" daemon [_thread_blocked, id=5677, stack(0x92e14000,0x92e64000)]
  0x93c00c00 JavaThread "SIGHUP handler" daemon [_thread_in_vm, id=5783, stack(0x92583000,0x925d3000)]

Other Threads:
  0x9360f000 VMThread "VM Thread" [stack: 0x93734000,0x937b4000] [id=5669]
  0x9366b800 WatcherThread [stack: 0x92e66000,0x92ee6000] [id=5676]
  0xb5f1cc00 GCTaskThread "GC Thread#0" [stack: 0xb3cd5000,0xb3d55000] [id=5664]
  0xb5f68800 ConcurrentGCThread "G1 Main Marker" [stack: 0xb3c53000,0xb3cd3000] [id=5665]
  0xb5f69c00 ConcurrentGCThread "G1 Conc#0" [stack: 0x9426a000,0x942ea000] [id=5666]
  0xb5fc2000 ConcurrentGCThread "G1 Refine#0" [stack: 0x94080000,0x94100000] [id=5667]
  0xb5fc3400 ConcurrentGCThread "G1 Young RemSet Sampling" [stack: 0x93d80000,0x93e00000] [id=5668]

Threads with active compile tasks:

VM state:not at safepoint (normal execution)

VM Mutex/Monitor currently owned by a thread: None

Heap:
 garbage-first heap   total 32768K, used 1024K [0x95400000, 0xb3a00000)
  region size 1024K, 2 young (2048K), 0 survivors (0K)
 Metaspace       used 2583K, capacity 2592K, committed 2712K, reserved 4400K
Heap Regions: E=young(eden), S=young(survivor), O=old, HS=humongous(starts), HC=humongous(continues), CS=collection set, F=free, A=archive, TAMS=top-at-mark-start (previous, next)
|   0|0x95400000, 0x95400000, 0x95500000|  0%| F|  |TAMS 0x95400000, 0x95400000| Untracked 
|   1|0x95500000, 0x95500000, 0x95600000|  0%| F|  |TAMS 0x95500000, 0x95500000| Untracked 
|   2|0x95600000, 0x95600000, 0x95700000|  0%| F|  |TAMS 0x95600000, 0x95600000| Untracked 
|   3|0x95700000, 0x95700000, 0x95800000|  0%| F|  |TAMS 0x95700000, 0x95700000| Untracked 
|   4|0x95800000, 0x95800000, 0x95900000|  0%| F|  |TAMS 0x95800000, 0x95800000| Untracked 
|   5|0x95900000, 0x95900000, 0x95a00000|  0%| F|  |TAMS 0x95900000, 0x95900000| Untracked 
|   6|0x95a00000, 0x95a00000, 0x95b00000|  0%| F|  |TAMS 0x95a00000, 0x95a00000| Untracked 
|   7|0x95b00000, 0x95b00000, 0x95c00000|  0%| F|  |TAMS 0x95b00000, 0x95b00000| Untracked 
|   8|0x95c00000, 0x95c00000, 0x95d00000|  0%| F|  |TAMS 0x95c00000, 0x95c00000| Untracked 
|   9|0x95d00000, 0x95d00000, 0x95e00000|  0%| F|  |TAMS 0x95d00000, 0x95d00000| Untracked 
|  10|0x95e00000, 0x95e00000, 0x95f00000|  0%| F|  |TAMS 0x95e00000, 0x95e00000| Untracked 
|  11|0x95f00000, 0x95f00000, 0x96000000|  0%| F|  |TAMS 0x95f00000, 0x95f00000| Untracked 
|  12|0x96000000, 0x96000000, 0x96100000|  0%| F|  |TAMS 0x96000000, 0x96000000| Untracked 
|  13|0x96100000, 0x96100000, 0x96200000|  0%| F|  |TAMS 0x96100000, 0x96100000| Untracked 
|  14|0x96200000, 0x96200000, 0x96300000|  0%| F|  |TAMS 0x96200000, 0x96200000| Untracked 
|  15|0x96300000, 0x96300000, 0x96400000|  0%| F|  |TAMS 0x96300000, 0x96300000| Untracked 
|  16|0x96400000, 0x96400000, 0x96500000|  0%| F|  |TAMS 0x96400000, 0x96400000| Untracked 
|  17|0x96500000, 0x96500000, 0x96600000|  0%| F|  |TAMS 0x96500000, 0x96500000| Untracked 
|  18|0x96600000, 0x96600000, 0x96700000|  0%| F|  |TAMS 0x96600000, 0x96600000| Untracked 
|  19|0x96700000, 0x96700000, 0x96800000|  0%| F|  |TAMS 0x96700000, 0x96700000| Untracked 
|  20|0x96800000, 0x96800000, 0x96900000|  0%| F|  |TAMS 0x96800000, 0x96800000| Untracked 
|  21|0x96900000, 0x96900000, 0x96a00000|  0%| F|  |TAMS 0x96900000, 0x96900000| Untracked 
|  22|0x96a00000, 0x96a00000, 0x96b00000|  0%| F|  |TAMS 0x96a00000, 0x96a00000| Untracked 
|  23|0x96b00000, 0x96b00000, 0x96c00000|  0%| F|  |TAMS 0x96b00000, 0x96b00000| Untracked 
|  24|0x96c00000, 0x96c00000, 0x96d00000|  0%| F|  |TAMS 0x96c00000, 0x96c00000| Untracked 
|  25|0x96d00000, 0x96d00000, 0x96e00000|  0%| F|  |TAMS 0x96d00000, 0x96d00000| Untracked 
|  26|0x96e00000, 0x96e00000, 0x96f00000|  0%| F|  |TAMS 0x96e00000, 0x96e00000| Untracked 
|  27|0x96f00000, 0x96f00000, 0x97000000|  0%| F|  |TAMS 0x96f00000, 0x96f00000| Untracked 
|  28|0x97000000, 0x97000000, 0x97100000|  0%| F|  |TAMS 0x97000000, 0x97000000| Untracked 
|  29|0x97100000, 0x97100000, 0x97200000|  0%| F|  |TAMS 0x97100000, 0x97100000| Untracked 
|  30|0x97200000, 0x97248358, 0x97300000| 28%| E|  |TAMS 0x97200000, 0x97200000| Complete 
|  31|0x97300000, 0x97400000, 0x97400000|100%| E|CS|TAMS 0x97300000, 0x97300000| Complete 

Card table byte_map: [0x9530d000,0x95400000] _byte_map_base: 0x94e63000

Marking Bits (Prev, Next): (CMBitMap*) 0xb5f66f54, (CMBitMap*) 0xb5f66f70
 Prev Bits: [0x94a82000, 0x9521a000)
 Next Bits: [0x942ea000, 0x94a82000)

Polling page: 0xb6fdc000

Metaspace:

Usage:
    2.53 MB capacity,     2.52 MB (>99%) used,     8.04 KB ( <1%) free+waste,   680 bytes ( <1%) overhead. 

Virtual space:
      4.30 MB reserved,       2.65 MB ( 62%) committed 

Chunk freelists:
16.00 KB

CodeCache: size=32768Kb used=231Kb max_used=241Kb free=32536Kb
 bounds [0xb3d95000, 0xb3f15000, 0xb5d95000]
 total_blobs=173 nmethods=2 adapters=77
 compilation: enabled
              stopped_count=0, restarted_count=0
 full_count=0

Compilation events (4 events):
Event: 0.168 Thread 0x93622000    1             java.lang.StringUTF16::getChar (60 bytes)
Event: 0.169 Thread 0x93622000 nmethod 1 0xb3dcdb88 code [0xb3dcdc80, 0xb3dcdd3c]
Event: 0.170 Thread 0x93622000    2             java.lang.StringUTF16::hashCode (33 bytes)
Event: 0.174 Thread 0x93622000 nmethod 2 0xb3dcd888 code [0xb3dcd980, 0xb3dcdabc]

GC Heap History (0 events):
No events

Deoptimization events (0 events):
No events

Classes redefined (0 events):
No events

Internal exceptions (0 events):
No events

Events (10 events):
Event: 0.271 loading class java/lang/NamedPackage
Event: 0.271 loading class java/lang/NamedPackage done
Event: 0.272 loading class java/lang/PublicMethods$MethodList
Event: 0.272 loading class java/lang/PublicMethods$MethodList done
Event: 0.272 loading class java/lang/PublicMethods$Key
Event: 0.272 loading class java/lang/PublicMethods$Key done
Event: 0.272 loading class java/lang/Void
Event: 0.272 loading class java/lang/Void done
Event: 0.272 loading class java/lang/ClassLoaderHelper
Event: 0.273 loading class java/lang/ClassLoaderHelper done


Dynamic libraries:
00010000-00011000 r-xp 00000000 b3:07 5112244    /usr/lib/jvm/java-11-openjdk-armhf/bin/java
00020000-00021000 r--p 00000000 b3:07 5112244    /usr/lib/jvm/java-11-openjdk-armhf/bin/java
00021000-00022000 rw-p 00001000 b3:07 5112244    /usr/lib/jvm/java-11-openjdk-armhf/bin/java
00f7b000-00f9c000 rw-p 00000000 00:00 0          [heap]
92583000-92586000 ---p 00000000 00:00 0 
92586000-925d3000 rw-p 00000000 00:00 0 
925d3000-925d4000 ---p 00000000 00:00 0 
925d4000-92dd4000 rw-p 00000000 00:00 0 
92dd4000-92ddb000 r-xp 00000000 b3:07 3014882    /lib/arm-linux-gnueabihf/libcrypt-2.28.so
92ddb000-92deb000 ---p 00007000 b3:07 3014882    /lib/arm-linux-gnueabihf/libcrypt-2.28.so
92deb000-92dec000 r--p 00007000 b3:07 3014882    /lib/arm-linux-gnueabihf/libcrypt-2.28.so
92dec000-92ded000 rw-p 00008000 b3:07 3014882    /lib/arm-linux-gnueabihf/libcrypt-2.28.so
92ded000-92e14000 rw-p 00000000 00:00 0 
92e14000-92e17000 ---p 00000000 00:00 0 
92e17000-92e64000 rw-p 00000000 00:00 0 
92e64000-92e65000 ---p 00000000 00:00 0 
92e65000-92ee6000 rw-p 00000000 00:00 0 
92ee6000-92ee9000 ---p 00000000 00:00 0 
92ee9000-92f36000 rw-p 00000000 00:00 0 
92f36000-92f39000 ---p 00000000 00:00 0 
92f39000-92f86000 rw-p 00000000 00:00 0 
92f86000-93200000 r--p 0006b000 b3:07 4726893    /usr/lib/locale/locale-archive
93200000-93400000 r--p 00000000 b3:07 4726893    /usr/lib/locale/locale-archive
93400000-93421000 rw-p 00000000 00:00 0 
93421000-93500000 ---p 00000000 00:00 0 
93530000-93533000 ---p 00000000 00:00 0 
93533000-935b0000 rw-p 00000000 00:00 0 
935b0000-935b3000 ---p 00000000 00:00 0 
935b3000-93600000 rw-p 00000000 00:00 0 
93600000-93697000 rw-p 00000000 00:00 0 
93697000-93700000 ---p 00000000 00:00 0 
93714000-93720000 r-xp 00000000 b3:07 4065410    /usr/local/lib/libwiringPi.so.2.50
93720000-9372f000 ---p 0000c000 b3:07 4065410    /usr/local/lib/libwiringPi.so.2.50
9372f000-93730000 r--p 0000b000 b3:07 4065410    /usr/local/lib/libwiringPi.so.2.50
93730000-93731000 rw-p 0000c000 b3:07 4065410    /usr/local/lib/libwiringPi.so.2.50
93731000-93732000 rw-p 00000000 00:00 0 
93732000-93733000 ---p 00000000 00:00 0 
93733000-93a5a000 rw-p 00000000 00:00 0 
93a5a000-93c00000 ---p 00000000 00:00 0 
93c00000-93c21000 rw-p 00000000 00:00 0 
93c21000-93d00000 ---p 00000000 00:00 0 
93d2e000-93d31000 ---p 00000000 00:00 0 
93d31000-93d7e000 rw-p 00000000 00:00 0 
93d7e000-93d7f000 ---p 00000000 00:00 0 
93d7f000-93e00000 rw-p 00000000 00:00 0 
93e00000-93e4f000 rw-p 00000000 00:00 0 
93e4f000-93f00000 ---p 00000000 00:00 0 
93f00000-93f21000 rw-p 00000000 00:00 0 
93f21000-94000000 ---p 00000000 00:00 0 
94009000-9401d000 r-xp 00000000 b3:07 5112593    /usr/lib/jvm/java-11-openjdk-armhf/lib/libnet.so
9401d000-9402c000 ---p 00014000 b3:07 5112593    /usr/lib/jvm/java-11-openjdk-armhf/lib/libnet.so
9402c000-9402d000 r--p 00013000 b3:07 5112593    /usr/lib/jvm/java-11-openjdk-armhf/lib/libnet.so
9402d000-9402e000 rw-p 00014000 b3:07 5112593    /usr/lib/jvm/java-11-openjdk-armhf/lib/libnet.so
9402e000-94031000 ---p 00000000 00:00 0 
94031000-9407e000 rw-p 00000000 00:00 0 
9407e000-9407f000 ---p 00000000 00:00 0 
9407f000-94100000 rw-p 00000000 00:00 0 
94100000-94121000 rw-p 00000000 00:00 0 
94121000-94200000 ---p 00000000 00:00 0 
9420d000-94268000 rw-p 00000000 00:00 0 
94268000-94269000 ---p 00000000 00:00 0 
94269000-9436a000 rw-p 00000000 00:00 0 
9436a000-94a82000 ---p 00000000 00:00 0 
94a82000-94b02000 rw-p 00000000 00:00 0 
94b02000-9521a000 ---p 00000000 00:00 0 
9521a000-9522a000 rw-p 00000000 00:00 0 
9522a000-9530d000 ---p 00000000 00:00 0 
9530d000-9531d000 rw-p 00000000 00:00 0 
9531d000-95400000 ---p 00000000 00:00 0 
95400000-97400000 rw-p 00000000 00:00 0 
97400000-b3a00000 ---p 00000000 00:00 0 
b3a0d000-b3a1d000 rw-p 00000000 00:00 0 
b3a1d000-b3b00000 ---p 00000000 00:00 0 
b3b00000-b3b21000 rw-p 00000000 00:00 0 
b3b21000-b3c00000 ---p 00000000 00:00 0 
b3c01000-b3c02000 r-xp 00000000 b3:07 3415696    /usr/lib/libmyPress.so
b3c02000-b3c11000 ---p 00001000 b3:07 3415696    /usr/lib/libmyPress.so
b3c11000-b3c12000 r--p 00000000 b3:07 3415696    /usr/lib/libmyPress.so
b3c12000-b3c13000 rw-p 00001000 b3:07 3415696    /usr/lib/libmyPress.so
b3c13000-b3c1f000 r-xp 00000000 b3:07 5112594    /usr/lib/jvm/java-11-openjdk-armhf/lib/libnio.so
b3c1f000-b3c2f000 ---p 0000c000 b3:07 5112594    /usr/lib/jvm/java-11-openjdk-armhf/lib/libnio.so
b3c2f000-b3c30000 r--p 0000c000 b3:07 5112594    /usr/lib/jvm/java-11-openjdk-armhf/lib/libnio.so
b3c30000-b3c31000 rw-p 0000d000 b3:07 5112594    /usr/lib/jvm/java-11-openjdk-armhf/lib/libnio.so
b3c31000-b3c51000 rw-p 00000000 00:00 0 
b3c51000-b3c52000 ---p 00000000 00:00 0 
b3c52000-b3cd3000 rw-p 00000000 00:00 0 
b3cd3000-b3cd4000 ---p 00000000 00:00 0 
b3cd4000-b3d58000 rw-p 00000000 00:00 0 
b3d58000-b3d95000 ---p 00000000 00:00 0 
b3d95000-b3f15000 rwxp 00000000 00:00 0 
b3f15000-b5d95000 ---p 00000000 00:00 0 
b5d95000-b5f00000 r--s 00000000 b3:07 5112603    /usr/lib/jvm/java-11-openjdk-armhf/lib/modules
b5f00000-b6000000 rw-p 00000000 00:00 0 
b6004000-b6005000 rw-s 0000b000 00:06 1120       /dev/gpiomem
b6005000-b600e000 rw-p 00000000 00:00 0 
b600e000-b6012000 r-xp 00000000 b3:07 5112585    /usr/lib/jvm/java-11-openjdk-armhf/lib/libjimage.so
b6012000-b6021000 ---p 00004000 b3:07 5112585    /usr/lib/jvm/java-11-openjdk-armhf/lib/libjimage.so
b6021000-b6022000 r--p 00003000 b3:07 5112585    /usr/lib/jvm/java-11-openjdk-armhf/lib/libjimage.so
b6022000-b6023000 rw-p 00004000 b3:07 5112585    /usr/lib/jvm/java-11-openjdk-armhf/lib/libjimage.so
b6023000-b602c000 r-xp 00000000 b3:07 3015000    /lib/arm-linux-gnueabihf/libnss_files-2.28.so
b602c000-b603c000 ---p 00009000 b3:07 3015000    /lib/arm-linux-gnueabihf/libnss_files-2.28.so
b603c000-b603d000 r--p 00009000 b3:07 3015000    /lib/arm-linux-gnueabihf/libnss_files-2.28.so
b603d000-b603e000 rw-p 0000a000 b3:07 3015000    /lib/arm-linux-gnueabihf/libnss_files-2.28.so
b603e000-b6044000 rw-p 00000000 00:00 0 
b6044000-b6062000 r-xp 00000000 b3:07 5112500    /usr/lib/jvm/java-11-openjdk-armhf/lib/libjava.so
b6062000-b6071000 ---p 0001e000 b3:07 5112500    /usr/lib/jvm/java-11-openjdk-armhf/lib/libjava.so
b6071000-b6072000 r--p 0001d000 b3:07 5112500    /usr/lib/jvm/java-11-openjdk-armhf/lib/libjava.so
b6072000-b6073000 rw-p 0001e000 b3:07 5112500    /usr/lib/jvm/java-11-openjdk-armhf/lib/libjava.so
b6073000-b607d000 r-xp 00000000 b3:07 5112601    /usr/lib/jvm/java-11-openjdk-armhf/lib/libverify.so
b607d000-b608c000 ---p 0000a000 b3:07 5112601    /usr/lib/jvm/java-11-openjdk-armhf/lib/libverify.so
b608c000-b608d000 r--p 00009000 b3:07 5112601    /usr/lib/jvm/java-11-openjdk-armhf/lib/libverify.so
b608d000-b608e000 rw-p 0000a000 b3:07 5112601    /usr/lib/jvm/java-11-openjdk-armhf/lib/libverify.so
b608e000-b6094000 r-xp 00000000 b3:07 3014849    /lib/arm-linux-gnueabihf/librt-2.28.so
b6094000-b60a3000 ---p 00006000 b3:07 3014849    /lib/arm-linux-gnueabihf/librt-2.28.so
b60a3000-b60a4000 r--p 00005000 b3:07 3014849    /lib/arm-linux-gnueabihf/librt-2.28.so
b60a4000-b60a5000 rw-p 00006000 b3:07 3014849    /lib/arm-linux-gnueabihf/librt-2.28.so
b60a5000-b60a8000 ---p 00000000 00:00 0 
b60a8000-b60f5000 rw-p 00000000 00:00 0 
b60f5000-b6111000 r-xp 00000000 b3:07 3015014    /lib/arm-linux-gnueabihf/libgcc_s.so.1
b6111000-b6120000 ---p 0001c000 b3:07 3015014    /lib/arm-linux-gnueabihf/libgcc_s.so.1
b6120000-b6121000 r--p 0001b000 b3:07 3015014    /lib/arm-linux-gnueabihf/libgcc_s.so.1
b6121000-b6122000 rw-p 0001c000 b3:07 3015014    /lib/arm-linux-gnueabihf/libgcc_s.so.1
b6122000-b6193000 r-xp 00000000 b3:07 3015001    /lib/arm-linux-gnueabihf/libm-2.28.so
b6193000-b61a2000 ---p 00071000 b3:07 3015001    /lib/arm-linux-gnueabihf/libm-2.28.so
b61a2000-b61a3000 r--p 00070000 b3:07 3015001    /lib/arm-linux-gnueabihf/libm-2.28.so
b61a3000-b61a4000 rw-p 00071000 b3:07 3015001    /lib/arm-linux-gnueabihf/libm-2.28.so
b61a4000-b62d2000 r-xp 00000000 b3:07 4725635    /usr/lib/arm-linux-gnueabihf/libstdc++.so.6.0.25
b62d2000-b62e2000 ---p 0012e000 b3:07 4725635    /usr/lib/arm-linux-gnueabihf/libstdc++.so.6.0.25
b62e2000-b62e7000 r--p 0012e000 b3:07 4725635    /usr/lib/arm-linux-gnueabihf/libstdc++.so.6.0.25
b62e7000-b62e9000 rw-p 00133000 b3:07 4725635    /usr/lib/arm-linux-gnueabihf/libstdc++.so.6.0.25
b62e9000-b62eb000 rw-p 00000000 00:00 0 
b62eb000-b6d1a000 r-xp 00000000 b3:07 5112606    /usr/lib/jvm/java-11-openjdk-armhf/lib/server/libjvm.so
b6d1a000-b6d2a000 ---p 00a2f000 b3:07 5112606    /usr/lib/jvm/java-11-openjdk-armhf/lib/server/libjvm.so
b6d2a000-b6d64000 r--p 00a2f000 b3:07 5112606    /usr/lib/jvm/java-11-openjdk-armhf/lib/server/libjvm.so
b6d64000-b6d84000 rw-p 00a69000 b3:07 5112606    /usr/lib/jvm/java-11-openjdk-armhf/lib/server/libjvm.so
b6d84000-b6dae000 rw-p 00000000 00:00 0 
b6dae000-b6ee6000 r-xp 00000000 b3:07 3014968    /lib/arm-linux-gnueabihf/libc-2.28.so
b6ee6000-b6ef6000 ---p 00138000 b3:07 3014968    /lib/arm-linux-gnueabihf/libc-2.28.so
b6ef6000-b6ef8000 r--p 00138000 b3:07 3014968    /lib/arm-linux-gnueabihf/libc-2.28.so
b6ef8000-b6ef9000 rw-p 0013a000 b3:07 3014968    /lib/arm-linux-gnueabihf/libc-2.28.so
b6ef9000-b6efc000 rw-p 00000000 00:00 0 
b6efc000-b6efe000 r-xp 00000000 b3:07 3014864    /lib/arm-linux-gnueabihf/libdl-2.28.so
b6efe000-b6f0d000 ---p 00002000 b3:07 3014864    /lib/arm-linux-gnueabihf/libdl-2.28.so
b6f0d000-b6f0e000 r--p 00001000 b3:07 3014864    /lib/arm-linux-gnueabihf/libdl-2.28.so
b6f0e000-b6f0f000 rw-p 00002000 b3:07 3014864    /lib/arm-linux-gnueabihf/libdl-2.28.so
b6f0f000-b6f1c000 r-xp 00000000 b3:07 5112482    /usr/lib/jvm/java-11-openjdk-armhf/lib/jli/libjli.so
b6f1c000-b6f2b000 ---p 0000d000 b3:07 5112482    /usr/lib/jvm/java-11-openjdk-armhf/lib/jli/libjli.so
b6f2b000-b6f2c000 r--p 0000c000 b3:07 5112482    /usr/lib/jvm/java-11-openjdk-armhf/lib/jli/libjli.so
b6f2c000-b6f2d000 rw-p 0000d000 b3:07 5112482    /usr/lib/jvm/java-11-openjdk-armhf/lib/jli/libjli.so
b6f2d000-b6f44000 r-xp 00000000 b3:07 3014937    /lib/arm-linux-gnueabihf/libpthread-2.28.so
b6f44000-b6f53000 ---p 00017000 b3:07 3014937    /lib/arm-linux-gnueabihf/libpthread-2.28.so
b6f53000-b6f54000 r--p 00016000 b3:07 3014937    /lib/arm-linux-gnueabihf/libpthread-2.28.so
b6f54000-b6f55000 rw-p 00017000 b3:07 3014937    /lib/arm-linux-gnueabihf/libpthread-2.28.so
b6f55000-b6f57000 rw-p 00000000 00:00 0 
b6f57000-b6f71000 r-xp 00000000 b3:07 3014875    /lib/arm-linux-gnueabihf/libz.so.1.2.11
b6f71000-b6f80000 ---p 0001a000 b3:07 3014875    /lib/arm-linux-gnueabihf/libz.so.1.2.11
b6f80000-b6f81000 r--p 00019000 b3:07 3014875    /lib/arm-linux-gnueabihf/libz.so.1.2.11
b6f81000-b6f82000 rw-p 0001a000 b3:07 3014875    /lib/arm-linux-gnueabihf/libz.so.1.2.11
b6f82000-b6f83000 rw-s 00100000 00:06 1120       /dev/gpiomem
b6f83000-b6f84000 rw-s 00101000 00:06 1120       /dev/gpiomem
b6f84000-b6f85000 rw-s 0020c000 00:06 1120       /dev/gpiomem
b6f85000-b6f8b000 r-xp 00000000 b3:07 5112602    /usr/lib/jvm/java-11-openjdk-armhf/lib/libzip.so
b6f8b000-b6f9a000 ---p 00006000 b3:07 5112602    /usr/lib/jvm/java-11-openjdk-armhf/lib/libzip.so
b6f9a000-b6f9b000 r--p 00005000 b3:07 5112602    /usr/lib/jvm/java-11-openjdk-armhf/lib/libzip.so
b6f9b000-b6f9c000 rw-p 00006000 b3:07 5112602    /usr/lib/jvm/java-11-openjdk-armhf/lib/libzip.so
b6f9c000-b6fa0000 r-xp 00000000 b3:07 4725151    /usr/lib/arm-linux-gnueabihf/libarmmem-v7l.so
b6fa0000-b6faf000 ---p 00004000 b3:07 4725151    /usr/lib/arm-linux-gnueabihf/libarmmem-v7l.so
b6faf000-b6fb0000 r--p 00003000 b3:07 4725151    /usr/lib/arm-linux-gnueabihf/libarmmem-v7l.so
b6fb0000-b6fb1000 rw-p 00004000 b3:07 4725151    /usr/lib/arm-linux-gnueabihf/libarmmem-v7l.so
b6fb1000-b6fd1000 r-xp 00000000 b3:07 3014916    /lib/arm-linux-gnueabihf/ld-2.28.so
b6fd1000-b6fd2000 rw-s 00200000 00:06 1120       /dev/gpiomem
b6fd2000-b6fd4000 r--s 00007000 b3:07 3412179    /usr/share/java/java-atk-wrapper.jar
b6fd4000-b6fdc000 rw-s 00000000 b3:07 2108552    /tmp/hsperfdata_pi/5662
b6fdc000-b6fdd000 r--p 00000000 00:00 0 
b6fdd000-b6fe1000 rw-p 00000000 00:00 0 
b6fe1000-b6fe2000 r--p 00020000 b3:07 3014916    /lib/arm-linux-gnueabihf/ld-2.28.so
b6fe2000-b6fe3000 rw-p 00021000 b3:07 3014916    /lib/arm-linux-gnueabihf/ld-2.28.so
beb41000-beb62000 rw-p 00000000 00:00 0          [stack]
beb8e000-beb8f000 r-xp 00000000 00:00 0          [sigpage]
beb8f000-beb90000 r--p 00000000 00:00 0          [vvar]
beb90000-beb91000 r-xp 00000000 00:00 0          [vdso]
ffff0000-ffff1000 r-xp 00000000 00:00 0          [vectors]


VM Arguments:
java_command: Press
java_class_path (initial): .
Launcher Type: SUN_STANDARD

[Global flags]
     uint ConcGCThreads                            = 1                                         {product} {ergonomic}
     uint G1ConcRefinementThreads                  = 4                                         {product} {ergonomic}
   size_t G1HeapRegionSize                         = 1048576                                   {product} {ergonomic}
    uintx GCDrainStackTargetSize                   = 64                                        {product} {ergonomic}
   size_t InitialHeapSize                          = 33554432                                  {product} {ergonomic}
   size_t MarkStackSize                            = 32768                                     {product} {ergonomic}
   size_t MaxHeapSize                              = 509607936                                 {product} {ergonomic}
   size_t MaxNewSize                               = 305135616                                 {product} {ergonomic}
   size_t MinHeapDeltaBytes                        = 1048576                                   {product} {ergonomic}
    uintx NonProfiledCodeHeapSize                  = 0                                      {pd product} {ergonomic}
    uintx ProfiledCodeHeapSize                     = 0                                      {pd product} {ergonomic}
     bool UseAOT                                   = false                                     {product} {ergonomic}
     bool UseG1GC                                  = true                                      {product} {ergonomic}

Logging:
Log output configuration:
 #0: stdout all=warning uptime,level,tags
 #1: stderr all=off uptime,level,tags

Environment Variables:
PATH=/usr/local/sbin:/usr/local/bin:/usr/sbin:/usr/bin:/sbin:/bin:/usr/local/games:/usr/games
SHELL=/bin/bash
DISPLAY=:0.0

Signal Handlers:
SIGSEGV: [libjvm.so+0x98b0e0], sa_mask[0]=11111111011111111101111111111110, sa_flags=SA_RESTART|SA_SIGINFO
SIGBUS: [libjvm.so+0x98b0e0], sa_mask[0]=11111111011111111101111111111110, sa_flags=SA_RESTART|SA_SIGINFO
SIGFPE: [libjvm.so+0x98b0e0], sa_mask[0]=11111111011111111101111111111110, sa_flags=SA_RESTART|SA_SIGINFO
SIGPIPE: [libjvm.so+0x7b0420], sa_mask[0]=11111111011111111101111111111110, sa_flags=SA_RESTART|SA_SIGINFO
SIGXFSZ: [libjvm.so+0x7b0420], sa_mask[0]=11111111011111111101111111111110, sa_flags=SA_RESTART|SA_SIGINFO
SIGILL: [libjvm.so+0x98b0e0], sa_mask[0]=11111111011111111101111111111110, sa_flags=SA_RESTART|SA_SIGINFO
SIGUSR2: [libjvm.so+0x7b02b8], sa_mask[0]=00000000000000000000000000000000, sa_flags=SA_RESTART|SA_SIGINFO
SIGHUP: [libjvm.so+0x7b08c8], sa_mask[0]=11111111011111111101111111111110, sa_flags=SA_RESTART|SA_SIGINFO
SIGINT: [libjvm.so+0x7b08c8], sa_mask[0]=11111111011111111101111111111110, sa_flags=SA_RESTART|SA_SIGINFO
SIGTERM: [libjvm.so+0x7b08c8], sa_mask[0]=11111111011111111101111111111110, sa_flags=SA_RESTART|SA_SIGINFO
SIGQUIT: [libjvm.so+0x7b08c8], sa_mask[0]=11111111011111111101111111111110, sa_flags=SA_RESTART|SA_SIGINFO


---------------  S Y S T E M  ---------------

OS:PRETTY_NAME="Raspbian GNU/Linux 10 (buster)"
NAME="Raspbian GNU/Linux"
VERSION_ID="10"
VERSION="10 (buster)"
VERSION_CODENAME=buster
ID=raspbian
ID_LIKE=debian
HOME_URL="http://www.raspbian.org/"
SUPPORT_URL="http://www.raspbian.org/RaspbianForums"
BUG_REPORT_URL="http://www.raspbian.org/RaspbianBugs"
uname:Linux 4.19.58-v7l+ #1245 SMP Fri Jul 12 17:31:45 BST 2019 armv7l
libc:glibc 2.28 NPTL 2.28 
rlimit: STACK 8192k, CORE 0k, NPROC 13451, NOFILE 1048576, AS infinity, DATA infinity, FSIZE infinity
load average:0.12 0.15 0.16

/proc/meminfo:
MemTotal:        1986028 kB
MemFree:          361624 kB
MemAvailable:    1297772 kB
Buffers:          131764 kB
Cached:          1019896 kB
SwapCached:         4240 kB
Active:           972704 kB
Inactive:         478096 kB
Active(anon):     258544 kB
Inactive(anon):   210004 kB
Active(file):     714160 kB
Inactive(file):   268092 kB
Unevictable:          48 kB
Mlocked:              48 kB
HighTotal:       1232896 kB
HighFree:          61184 kB
LowTotal:         753132 kB
LowFree:          300440 kB
SwapTotal:       1048572 kB
SwapFree:        1015292 kB
Dirty:               148 kB
Writeback:             0 kB
AnonPages:        296628 kB
Mapped:           205696 kB
Shmem:            169400 kB
Slab:             105092 kB
SReclaimable:      49908 kB
SUnreclaim:        55184 kB
KernelStack:        2760 kB
PageTables:         8320 kB
NFS_Unstable:          0 kB
Bounce:                0 kB
WritebackTmp:          0 kB
CommitLimit:     2041584 kB
Committed_AS:    2781288 kB
VmallocTotal:     245760 kB
VmallocUsed:           0 kB
VmallocChunk:          0 kB
Percpu:              800 kB
CmaTotal:         262144 kB
CmaFree:          198436 kB


/proc/sys/kernel/threads-max (system-wide limit on the number of threads):
26903


/proc/sys/vm/max_map_count (maximum number of memory map areas a process may have):
65530


/proc/sys/kernel/pid_max (system-wide limit on number of process identifiers):
32768



/etc/ld.so.preload:
/usr/lib/arm-linux-gnueabihf/libarmmem-${PLATFORM}.so

container (cgroup) information:
container_type: cgroupv1
cpu_cpuset_cpus: 0-3
cpu_memory_nodes: 0
active_processor_count: 4
cpu_quota: -2
cpu_period: -2
cpu_shares: -1
memory_limit_in_bytes: -1
memory_and_swap_limit_in_bytes: -2
memory_soft_limit_in_bytes: -1
memory_usage_in_bytes: 284737536
memory_max_usage_in_bytes: 322179072


CPU:total 4 (initial active 4) (ARMv7), vfp, vfp3-32, simd

/proc/cpuinfo:
processor	: 0
model name	: ARMv7 Processor rev 3 (v7l)
BogoMIPS	: 108.00
Features	: half thumb fastmult vfp edsp neon vfpv3 tls vfpv4 idiva idivt vfpd32 lpae evtstrm crc32 
CPU implementer	: 0x41
CPU architecture: 7
CPU variant	: 0x0
CPU part	: 0xd08
CPU revision	: 3

processor	: 1
model name	: ARMv7 Processor rev 3 (v7l)
BogoMIPS	: 108.00
Features	: half thumb fastmult vfp edsp neon vfpv3 tls vfpv4 idiva idivt vfpd32 lpae evtstrm crc32 
CPU implementer	: 0x41
CPU architecture: 7
CPU variant	: 0x0
CPU part	: 0xd08
CPU revision	: 3

processor	: 2
model name	: ARMv7 Processor rev 3 (v7l)
BogoMIPS	: 108.00
Features	: half thumb fastmult vfp edsp neon vfpv3 tls vfpv4 idiva idivt vfpd32 lpae evtstrm crc32 
CPU implementer	: 0x41
CPU architecture: 7
CPU variant	: 0x0
CPU part	: 0xd08
CPU revision	: 3

processor	: 3
model name	: ARMv7 Processor rev 3 (v7l)
BogoMIPS	: 108.00
Features	: half thumb fastmult vfp edsp neon vfpv3 tls vfpv4 idiva idivt vfpd32 lpae evtstrm crc32 
CPU implementer	: 0x41
CPU architecture: 7
CPU variant	: 0x0
CPU part	: 0xd08
CPU revision	: 3

Hardware	: BCM2835
Revision	: b03111
Serial		: 100000007800d2a7

Memory: 4k page, physical 1986028k(361624k free), swap 1048572k(1015292k free)

vm_info: OpenJDK Server VM (11.0.3+7-post-Raspbian-5) for linux- JRE (11.0.3+7-post-Raspbian-5), built on Jun 16 2019 18:24:19 by "buildd" with gcc 8.2.0

END.
